localhost - - [11/Oct/2013 22:45:19] "GET / HTTP/1.1" 200 -
localhost - - [11/Oct/2013 22:45:23] "GET / HTTP/1.1" 200 -
localhost - - [11/Oct/2013 22:45:30] "GET / HTTP/1.1" 200 -
localhost - - [11/Oct/2013 22:45:32] "GET / HTTP/1.1" 200 -
localhost - - [11/Oct/2013 22:45:50] "GET / HTTP/1.1" 200 -
localhost - - [11/Oct/2013 22:59:46] "GET /hack_night.html HTTP/1.1" 200 -
localhost - - [11/Oct/2013 23:03:40] "GET /hack_night.html HTTP/1.1" 200 -
localhost - - [11/Oct/2013 23:04:17] "GET /hack_night.html HTTP/1.1" 200 -
localhost - - [11/Oct/2013 23:04:17] "GET /video_setup.js HTTP/1.1" 200 -
localhost - - [11/Oct/2013 23:05:00] "GET /hack_night.html HTTP/1.1" 200 -
localhost - - [11/Oct/2013 23:05:00] "GET /video_setup.js HTTP/1.1" 200 -
localhost - - [11/Oct/2013 23:29:37] "GET /hack_night.html HTTP/1.1" 200 -
localhost - - [11/Oct/2013 23:29:37] "GET /motion_styles.css HTTP/1.1" 200 -
localhost - - [11/Oct/2013 23:29:37] "GET /video_setup.js HTTP/1.1" 200 -
localhost - - [11/Oct/2013 23:29:37] "GET /motion_capture.js HTTP/1.1" 200 -
localhost - - [11/Oct/2013 23:36:34] "GET /hack_night.html HTTP/1.1" 200 -
localhost - - [11/Oct/2013 23:36:34] "GET /motion_styles.css HTTP/1.1" 200 -
localhost - - [11/Oct/2013 23:36:34] "GET /video_setup.js HTTP/1.1" 200 -
localhost - - [11/Oct/2013 23:36:34] "GET /motion_capture.js HTTP/1.1" 200 -
localhost - - [11/Oct/2013 23:37:33] "GET /hack_night.html HTTP/1.1" 200 -
localhost - - [11/Oct/2013 23:37:33] "GET /motion_styles.css HTTP/1.1" 200 -
localhost - - [11/Oct/2013 23:37:33] "GET /video_setup.js HTTP/1.1" 200 -
localhost - - [11/Oct/2013 23:37:33] "GET /motion_capture.js HTTP/1.1" 200 -
localhost - - [11/Oct/2013 23:38:50] "GET /hack_night.html HTTP/1.1" 200 -
localhost - - [11/Oct/2013 23:38:50] "GET /motion_styles.css HTTP/1.1" 200 -
localhost - - [11/Oct/2013 23:38:50] "GET /video_setup.js HTTP/1.1" 200 -
localhost - - [11/Oct/2013 23:38:50] "GET /motion_capture.js HTTP/1.1" 200 -
localhost - - [11/Oct/2013 23:40:43] "GET /hack_night.html HTTP/1.1" 200 -
localhost - - [11/Oct/2013 23:40:43] "GET /motion_styles.css HTTP/1.1" 200 -
localhost - - [11/Oct/2013 23:40:43] "GET /video_setup.js HTTP/1.1" 200 -
localhost - - [11/Oct/2013 23:40:43] "GET /motion_capture.js HTTP/1.1" 200 -
localhost - - [11/Oct/2013 23:42:21] "GET /hack_night.html HTTP/1.1" 200 -
localhost - - [11/Oct/2013 23:42:21] "GET /motion_styles.css HTTP/1.1" 200 -
localhost - - [11/Oct/2013 23:42:21] "GET /video_setup.js HTTP/1.1" 200 -
localhost - - [11/Oct/2013 23:42:21] "GET /motion_capture.js HTTP/1.1" 200 -
localhost - - [11/Oct/2013 23:47:33] "GET /hack_night.html HTTP/1.1" 200 -
localhost - - [11/Oct/2013 23:47:33] "GET /motion_styles.css HTTP/1.1" 200 -
localhost - - [11/Oct/2013 23:47:33] "GET /video_setup.js HTTP/1.1" 200 -
localhost - - [11/Oct/2013 23:47:33] "GET /motion_capture.js HTTP/1.1" 200 -
localhost - - [11/Oct/2013 23:49:54] "GET /hack_night.html HTTP/1.1" 200 -
localhost - - [11/Oct/2013 23:49:54] "GET /motion_styles.css HTTP/1.1" 200 -
localhost - - [11/Oct/2013 23:49:54] "GET /video_setup.js HTTP/1.1" 200 -
localhost - - [11/Oct/2013 23:49:54] "GET /motion_capture.js HTTP/1.1" 200 -
localhost - - [12/Oct/2013 00:19:47] "GET /hack_night.html HTTP/1.1" 200 -
localhost - - [12/Oct/2013 00:19:47] "GET /motion_styles.css HTTP/1.1" 200 -
localhost - - [12/Oct/2013 00:19:47] "GET /video_setup.js HTTP/1.1" 200 -
localhost - - [12/Oct/2013 00:19:47] "GET /motion_capture.js HTTP/1.1" 200 -
localhost - - [12/Oct/2013 00:20:17] "GET /hack_night.html HTTP/1.1" 200 -
localhost - - [12/Oct/2013 00:20:17] "GET /motion_styles.css HTTP/1.1" 200 -
localhost - - [12/Oct/2013 00:20:17] "GET /video_setup.js HTTP/1.1" 200 -
localhost - - [12/Oct/2013 00:20:17] "GET /motion_capture.js HTTP/1.1" 200 -
localhost - - [12/Oct/2013 00:20:59] "GET /hack_night.html HTTP/1.1" 200 -
localhost - - [12/Oct/2013 00:20:59] "GET /motion_styles.css HTTP/1.1" 200 -
localhost - - [12/Oct/2013 00:20:59] "GET /video_setup.js HTTP/1.1" 200 -
localhost - - [12/Oct/2013 00:20:59] "GET /motion_capture.js HTTP/1.1" 200 -
localhost - - [12/Oct/2013 00:22:44] "GET /hack_night.html HTTP/1.1" 200 -
localhost - - [12/Oct/2013 00:22:44] "GET /motion_styles.css HTTP/1.1" 200 -
localhost - - [12/Oct/2013 00:22:44] "GET /video_setup.js HTTP/1.1" 200 -
localhost - - [12/Oct/2013 00:22:44] "GET /motion_capture.js HTTP/1.1" 200 -
localhost - - [12/Oct/2013 00:23:56] "GET /hack_night.html HTTP/1.1" 200 -
localhost - - [12/Oct/2013 00:23:56] "GET /motion_styles.css HTTP/1.1" 200 -
localhost - - [12/Oct/2013 00:23:56] "GET /video_setup.js HTTP/1.1" 200 -
localhost - - [12/Oct/2013 00:23:56] "GET /motion_capture.js HTTP/1.1" 200 -
localhost - - [12/Oct/2013 00:25:12] "GET /hack_night.html HTTP/1.1" 200 -
localhost - - [12/Oct/2013 00:25:12] "GET /motion_styles.css HTTP/1.1" 200 -
localhost - - [12/Oct/2013 00:25:12] "GET /video_setup.js HTTP/1.1" 200 -
localhost - - [12/Oct/2013 00:25:12] "GET /motion_capture.js HTTP/1.1" 200 -
localhost - - [12/Oct/2013 00:28:17] "GET /hack_night.html HTTP/1.1" 200 -
localhost - - [12/Oct/2013 00:28:17] "GET /motion_styles.css HTTP/1.1" 200 -
localhost - - [12/Oct/2013 00:28:17] "GET /video_setup.js HTTP/1.1" 200 -
localhost - - [12/Oct/2013 00:28:17] "GET /motion_capture.js HTTP/1.1" 200 -
localhost - - [12/Oct/2013 00:34:31] "GET /hack_night.html HTTP/1.1" 200 -
localhost - - [12/Oct/2013 00:34:31] "GET /motion_styles.css HTTP/1.1" 200 -
localhost - - [12/Oct/2013 00:34:31] "GET /video_setup.js HTTP/1.1" 200 -
localhost - - [12/Oct/2013 00:34:31] "GET /motion_capture.js HTTP/1.1" 200 -
localhost - - [12/Oct/2013 00:35:23] "GET /hack_night.html HTTP/1.1" 200 -
localhost - - [12/Oct/2013 00:35:23] "GET /motion_styles.css HTTP/1.1" 200 -
localhost - - [12/Oct/2013 00:35:23] "GET /video_setup.js HTTP/1.1" 200 -
localhost - - [12/Oct/2013 00:35:23] "GET /motion_capture.js HTTP/1.1" 200 -
localhost - - [12/Oct/2013 00:35:42] "GET /hack_night.html HTTP/1.1" 200 -
localhost - - [12/Oct/2013 00:35:42] "GET /motion_styles.css HTTP/1.1" 200 -
localhost - - [12/Oct/2013 00:35:42] "GET /video_setup.js HTTP/1.1" 200 -
localhost - - [12/Oct/2013 00:35:42] "GET /motion_capture.js HTTP/1.1" 200 -
localhost - - [12/Oct/2013 00:36:12] "GET /hack_night.html HTTP/1.1" 200 -
localhost - - [12/Oct/2013 00:36:12] "GET /motion_styles.css HTTP/1.1" 200 -
localhost - - [12/Oct/2013 00:36:12] "GET /video_setup.js HTTP/1.1" 200 -
localhost - - [12/Oct/2013 00:36:12] "GET /motion_capture.js HTTP/1.1" 200 -
localhost - - [12/Oct/2013 00:36:31] "GET /hack_night.html HTTP/1.1" 200 -
localhost - - [12/Oct/2013 00:36:31] "GET /motion_styles.css HTTP/1.1" 200 -
localhost - - [12/Oct/2013 00:36:31] "GET /video_setup.js HTTP/1.1" 200 -
localhost - - [12/Oct/2013 00:36:31] "GET /motion_capture.js HTTP/1.1" 200 -
localhost - - [12/Oct/2013 00:42:08] "GET /hack_night.html HTTP/1.1" 200 -
localhost - - [12/Oct/2013 00:42:08] "GET /motion_styles.css HTTP/1.1" 200 -
localhost - - [12/Oct/2013 00:42:08] "GET /video_setup.js HTTP/1.1" 200 -
localhost - - [12/Oct/2013 00:42:08] "GET /motion_capture.js HTTP/1.1" 200 -
localhost - - [12/Oct/2013 00:46:34] "GET /hack_night.html HTTP/1.1" 200 -
localhost - - [12/Oct/2013 00:46:34] "GET /motion_styles.css HTTP/1.1" 200 -
localhost - - [12/Oct/2013 00:46:34] "GET /video_setup.js HTTP/1.1" 200 -
localhost - - [12/Oct/2013 00:46:34] "GET /motion_capture.js HTTP/1.1" 200 -
localhost - - [12/Oct/2013 00:46:56] "GET /hack_night.html HTTP/1.1" 200 -
localhost - - [12/Oct/2013 00:46:56] "GET /motion_styles.css HTTP/1.1" 200 -
localhost - - [12/Oct/2013 00:46:56] "GET /video_setup.js HTTP/1.1" 200 -
localhost - - [12/Oct/2013 00:46:56] "GET /motion_capture.js HTTP/1.1" 200 -
localhost - - [12/Oct/2013 00:57:27] "GET /hack_night.html HTTP/1.1" 200 -
localhost - - [12/Oct/2013 00:57:27] "GET /motion_styles.css HTTP/1.1" 200 -
localhost - - [12/Oct/2013 00:57:27] "GET /video_setup.js HTTP/1.1" 200 -
localhost - - [12/Oct/2013 00:57:27] "GET /motion_capture.js HTTP/1.1" 200 -
localhost - - [12/Oct/2013 01:02:06] "GET /hack_night.html HTTP/1.1" 200 -
localhost - - [12/Oct/2013 01:02:06] "GET /motion_styles.css HTTP/1.1" 200 -
localhost - - [12/Oct/2013 01:02:06] "GET /video_setup.js HTTP/1.1" 200 -
localhost - - [12/Oct/2013 01:02:06] "GET /motion_capture.js HTTP/1.1" 200 -
localhost - - [12/Oct/2013 01:02:37] "GET /hack_night.html HTTP/1.1" 200 -
localhost - - [12/Oct/2013 01:02:37] "GET /motion_styles.css HTTP/1.1" 200 -
localhost - - [12/Oct/2013 01:02:37] "GET /video_setup.js HTTP/1.1" 200 -
localhost - - [12/Oct/2013 01:02:37] "GET /motion_capture.js HTTP/1.1" 200 -
localhost - - [12/Oct/2013 01:03:47] "GET /hack_night.html HTTP/1.1" 200 -
localhost - - [12/Oct/2013 01:03:47] "GET /motion_styles.css HTTP/1.1" 200 -
localhost - - [12/Oct/2013 01:03:47] "GET /video_setup.js HTTP/1.1" 200 -
localhost - - [12/Oct/2013 01:03:47] "GET /motion_capture.js HTTP/1.1" 200 -
localhost - - [12/Oct/2013 01:04:16] "GET /hack_night.html HTTP/1.1" 200 -
localhost - - [12/Oct/2013 01:04:16] "GET /motion_styles.css HTTP/1.1" 200 -
localhost - - [12/Oct/2013 01:04:16] "GET /video_setup.js HTTP/1.1" 200 -
localhost - - [12/Oct/2013 01:04:16] "GET /motion_capture.js HTTP/1.1" 200 -
localhost - - [12/Oct/2013 01:06:07] "GET /hack_night.html HTTP/1.1" 200 -
localhost - - [12/Oct/2013 01:06:07] "GET /motion_styles.css HTTP/1.1" 200 -
localhost - - [12/Oct/2013 01:06:07] "GET /video_setup.js HTTP/1.1" 200 -
localhost - - [12/Oct/2013 01:06:07] "GET /motion_capture.js HTTP/1.1" 200 -
localhost - - [12/Oct/2013 01:06:47] "GET /hack_night.html HTTP/1.1" 200 -
localhost - - [12/Oct/2013 01:06:47] "GET /motion_styles.css HTTP/1.1" 200 -
localhost - - [12/Oct/2013 01:06:47] "GET /video_setup.js HTTP/1.1" 200 -
localhost - - [12/Oct/2013 01:06:47] "GET /motion_capture.js HTTP/1.1" 200 -
localhost - - [12/Oct/2013 01:07:10] "GET /hack_night.html HTTP/1.1" 200 -
localhost - - [12/Oct/2013 01:07:10] "GET /motion_styles.css HTTP/1.1" 200 -
localhost - - [12/Oct/2013 01:07:10] "GET /video_setup.js HTTP/1.1" 200 -
localhost - - [12/Oct/2013 01:07:10] "GET /motion_capture.js HTTP/1.1" 200 -
localhost - - [12/Oct/2013 01:08:01] "GET /hack_night.html HTTP/1.1" 200 -
localhost - - [12/Oct/2013 01:08:01] "GET /motion_styles.css HTTP/1.1" 200 -
localhost - - [12/Oct/2013 01:08:01] "GET /video_setup.js HTTP/1.1" 200 -
localhost - - [12/Oct/2013 01:08:01] "GET /motion_capture.js HTTP/1.1" 200 -
localhost - - [12/Oct/2013 01:08:36] "GET /hack_night.html HTTP/1.1" 200 -
localhost - - [12/Oct/2013 01:08:36] "GET /motion_styles.css HTTP/1.1" 200 -
localhost - - [12/Oct/2013 01:08:36] "GET /video_setup.js HTTP/1.1" 200 -
localhost - - [12/Oct/2013 01:08:36] "GET /motion_capture.js HTTP/1.1" 200 -
localhost - - [12/Oct/2013 01:08:40] "GET /hack_night.html HTTP/1.1" 200 -
localhost - - [12/Oct/2013 01:08:40] "GET /motion_styles.css HTTP/1.1" 200 -
localhost - - [12/Oct/2013 01:08:40] "GET /video_setup.js HTTP/1.1" 200 -
localhost - - [12/Oct/2013 01:08:40] "GET /motion_capture.js HTTP/1.1" 200 -
localhost - - [12/Oct/2013 01:09:13] "GET /hack_night.html HTTP/1.1" 200 -
localhost - - [12/Oct/2013 01:09:13] "GET /motion_styles.css HTTP/1.1" 200 -
localhost - - [12/Oct/2013 01:09:13] "GET /video_setup.js HTTP/1.1" 200 -
localhost - - [12/Oct/2013 01:09:13] "GET /motion_capture.js HTTP/1.1" 200 -
localhost - - [12/Oct/2013 01:12:13] "GET /hack_night.html HTTP/1.1" 200 -
localhost - - [12/Oct/2013 01:12:13] "GET /motion_styles.css HTTP/1.1" 200 -
localhost - - [12/Oct/2013 01:12:13] "GET /video_setup.js HTTP/1.1" 200 -
localhost - - [12/Oct/2013 01:12:13] "GET /motion_capture.js HTTP/1.1" 200 -
localhost - - [12/Oct/2013 01:14:04] "GET /hack_night.html HTTP/1.1" 200 -
localhost - - [12/Oct/2013 01:14:04] "GET /motion_styles.css HTTP/1.1" 200 -
localhost - - [12/Oct/2013 01:14:04] "GET /video_setup.js HTTP/1.1" 200 -
localhost - - [12/Oct/2013 01:14:04] "GET /motion_capture.js HTTP/1.1" 200 -
localhost - - [12/Oct/2013 01:14:50] "GET /hack_night.html HTTP/1.1" 200 -
localhost - - [12/Oct/2013 01:14:50] "GET /motion_styles.css HTTP/1.1" 200 -
localhost - - [12/Oct/2013 01:14:50] "GET /video_setup.js HTTP/1.1" 200 -
localhost - - [12/Oct/2013 01:14:50] "GET /motion_capture.js HTTP/1.1" 200 -
localhost - - [12/Oct/2013 01:15:24] "GET /hack_night.html HTTP/1.1" 200 -
localhost - - [12/Oct/2013 01:15:24] "GET /motion_styles.css HTTP/1.1" 200 -
localhost - - [12/Oct/2013 01:15:24] "GET /video_setup.js HTTP/1.1" 200 -
localhost - - [12/Oct/2013 01:15:24] "GET /motion_capture.js HTTP/1.1" 200 -
localhost - - [12/Oct/2013 01:15:40] "GET /hack_night.html HTTP/1.1" 200 -
localhost - - [12/Oct/2013 01:15:40] "GET /motion_styles.css HTTP/1.1" 200 -
localhost - - [12/Oct/2013 01:15:40] "GET /video_setup.js HTTP/1.1" 200 -
localhost - - [12/Oct/2013 01:15:40] "GET /motion_capture.js HTTP/1.1" 200 -
localhost - - [12/Oct/2013 01:20:10] "GET /hack_night.html HTTP/1.1" 200 -
localhost - - [12/Oct/2013 01:20:10] "GET /motion_styles.css HTTP/1.1" 200 -
localhost - - [12/Oct/2013 01:20:10] "GET /video_setup.js HTTP/1.1" 200 -
localhost - - [12/Oct/2013 01:20:10] "GET /motion_capture.js HTTP/1.1" 200 -
